<?xml version="1.0" encoding="UTF-8"?>
<testng-results skipped="0" failed="0" total="3" passed="3">
  <reporter-output>
  </reporter-output>
  <suite name="HMS" duration-ms="21860" started-at="2019-10-10T02:59:50Z" finished-at="2019-10-10T03:00:11Z">
    <groups>
    </groups>
    <test name="REsults" duration-ms="21860" started-at="2019-10-10T02:59:50Z" finished-at="2019-10-10T03:00:11Z">
      <class name="webdriver.NewTest">
        <test-method status="PASS" signature="beforeTest()[pri:0, instance:webdriver.NewTest@19bb089b]" name="beforeTest" is-config="true" duration-ms="17212" started-at="2019-10-10T08:29:50Z" finished-at="2019-10-10T08:30:07Z">
          <reporter-output>
          </reporter-output>
        </test-method> <!-- beforeTest -->
        <test-method status="PASS" signature="cFAQs()[pri:0, instance:webdriver.NewTest@19bb089b]" name="cFAQs" duration-ms="1689" started-at="2019-10-10T08:30:07Z" finished-at="2019-10-10T08:30:09Z">
          <reporter-output>
          </reporter-output>
        </test-method> <!-- cFAQs -->
        <test-method status="PASS" signature="mFAQs()[pri:0, instance:webdriver.NewTest@19bb089b]" name="mFAQs" duration-ms="1383" started-at="2019-10-10T08:30:09Z" finished-at="2019-10-10T08:30:10Z">
          <reporter-output>
          </reporter-output>
        </test-method> <!-- mFAQs -->
        <test-method status="PASS" signature="sFAQs()[pri:0, instance:webdriver.NewTest@19bb089b]" name="sFAQs" duration-ms="1565" started-at="2019-10-10T08:30:10Z" finished-at="2019-10-10T08:30:11Z">
          <reporter-output>
          </reporter-output>
        </test-method> <!-- sFAQs -->
        <test-method status="PASS" signature="afterTest()[pri:0, instance:webdriver.NewTest@19bb089b]" name="afterTest" is-config="true" duration-ms="1" started-at="2019-10-10T08:30:11Z" finished-at="2019-10-10T08:30:11Z">
          <reporter-output>
          </reporter-output>
        </test-method> <!-- afterTest -->
      </class> <!-- webdriver.NewTest -->
    </test> <!-- REsults -->
  </suite> <!-- HMS -->
</testng-results>
