<?xml version="1.0" encoding="UTF-8"?>
<testng-results skipped="0" failed="0" total="3" passed="3">
  <reporter-output>
  </reporter-output>
  <suite name="HMS" duration-ms="16766" started-at="2019-10-05T05:18:34Z" finished-at="2019-10-05T05:18:51Z">
    <groups>
    </groups>
    <test name="REsults" duration-ms="16766" started-at="2019-10-05T05:18:34Z" finished-at="2019-10-05T05:18:51Z">
      <class name="webdriver.NewTest">
        <test-method status="PASS" signature="beforeTest()[pri:0, instance:webdriver.NewTest@6d00a15d]" name="beforeTest" is-config="true" duration-ms="12297" started-at="2019-10-05T10:48:34Z" finished-at="2019-10-05T10:48:46Z">
          <reporter-output>
          </reporter-output>
        </test-method> <!-- beforeTest -->
        <test-method status="PASS" signature="cFAQs()[pri:0, instance:webdriver.NewTest@6d00a15d]" name="cFAQs" duration-ms="1545" started-at="2019-10-05T10:48:46Z" finished-at="2019-10-05T10:48:48Z">
          <reporter-output>
          </reporter-output>
        </test-method> <!-- cFAQs -->
        <test-method status="PASS" signature="mFAQs()[pri:0, instance:webdriver.NewTest@6d00a15d]" name="mFAQs" duration-ms="1365" started-at="2019-10-05T10:48:48Z" finished-at="2019-10-05T10:48:49Z">
          <reporter-output>
          </reporter-output>
        </test-method> <!-- mFAQs -->
        <test-method status="PASS" signature="sFAQs()[pri:0, instance:webdriver.NewTest@6d00a15d]" name="sFAQs" duration-ms="1540" started-at="2019-10-05T10:48:49Z" finished-at="2019-10-05T10:48:51Z">
          <reporter-output>
          </reporter-output>
        </test-method> <!-- sFAQs -->
        <test-method status="PASS" signature="afterTest()[pri:0, instance:webdriver.NewTest@6d00a15d]" name="afterTest" is-config="true" duration-ms="0" started-at="2019-10-05T10:48:51Z" finished-at="2019-10-05T10:48:51Z">
          <reporter-output>
          </reporter-output>
        </test-method> <!-- afterTest -->
      </class> <!-- webdriver.NewTest -->
    </test> <!-- REsults -->
  </suite> <!-- HMS -->
</testng-results>
